<?xml version="1.0" encoding="UTF-8"?>
<!-- Generated by org.testng.reporters.JUnitReportReporter -->
<testsuite skipped="0" hostname="LAPTOP-KQ3RBQB0" name="com.crm.qa.testcases.DealsPageTest" tests="2" failures="0" timestamp="22 Aug 2018 05:39:40 GMT" time="104.148" errors="0">
  <testcase name="validateNewDealCreate" time="62.324" classname="com.crm.qa.testcases.DealsPageTest"/>
  <testcase name="validateNewDealCreate" time="41.824" classname="com.crm.qa.testcases.DealsPageTest"/>
</testsuite> <!-- com.crm.qa.testcases.DealsPageTest -->
