<?xml version="1.0" encoding="UTF-8"?>
<!-- Generated by org.testng.reporters.JUnitReportReporter -->
<testsuite skipped="0" hostname="LAPTOP-KQ3RBQB0" name="com.crm.qa.testcases.HomePageTest" tests="3" failures="0" timestamp="29 Jul 2018 16:58:59 GMT" time="110.353" errors="0">
  <testcase name="verifyHomePageTitleTest" time="40.981" classname="com.crm.qa.testcases.HomePageTest"/>
  <testcase name="verifyUserNameTest" time="28.688" classname="com.crm.qa.testcases.HomePageTest"/>
  <testcase name="verifyContactsLinkTest" time="40.684" classname="com.crm.qa.testcases.HomePageTest"/>
</testsuite> <!-- com.crm.qa.testcases.HomePageTest -->
