<?xml version="1.0" encoding="UTF-8"?>
<!-- Generated by org.testng.reporters.JUnitReportReporter -->
<testsuite skipped="1" hostname="LAPTOP-KQ3RBQB0" name="com.crm.qa.testcases.TasksPageTest" tests="1" failures="0" timestamp="11 Sep 2018 02:49:38 GMT" time="0.000" errors="0">
  <testcase name="validateCreateNewTaskTest" time="0.000" classname="com.crm.qa.testcases.TasksPageTest">
    <skipped/>
  </testcase> <!-- validateCreateNewTaskTest -->
</testsuite> <!-- com.crm.qa.testcases.TasksPageTest -->
