<?xml version="1.0" encoding="UTF-8"?>
<!-- Generated by org.testng.reporters.JUnitReportReporter -->
<testsuite skipped="0" hostname="LAPTOP-KQ3RBQB0" name="com.crm.qa.testcases.ContactsPageTest" tests="3" failures="0" timestamp="11 Aug 2018 15:39:04 GMT" time="114.176" errors="0">
  <testcase name="validateCreateNewContact" time="31.563" classname="com.crm.qa.testcases.ContactsPageTest"/>
  <testcase name="validateCreateNewContact" time="33.179" classname="com.crm.qa.testcases.ContactsPageTest"/>
  <testcase name="verifyContactsPageTest" time="49.434" classname="com.crm.qa.testcases.ContactsPageTest"/>
</testsuite> <!-- com.crm.qa.testcases.ContactsPageTest -->
