<?xml version="1.0" encoding="UTF-8"?>
<!-- Generated by org.testng.reporters.JUnitReportReporter -->
<testsuite skipped="0" hostname="LAPTOP-KQ3RBQB0" name="com.crm.qa.testcases.MyTest" tests="2" failures="0" timestamp="12 Aug 2018 05:56:59 GMT" time="0.017" errors="0">
  <testcase name="testmethods2" time="0.001" classname="com.crm.qa.testcases.MyTest"/>
  <testcase name="testmethod1" time="0.016" classname="com.crm.qa.testcases.MyTest"/>
</testsuite> <!-- com.crm.qa.testcases.MyTest -->
