<?xml version="1.0" encoding="UTF-8"?>
<!-- Generated by org.testng.reporters.JUnitReportReporter -->
<testsuite skipped="0" hostname="LAPTOP-KQ3RBQB0" name="com.crm.qa.testcases.Test" tests="2" failures="0" timestamp="11 Aug 2018 16:02:21 GMT" time="0.017" errors="0">
  <testcase name="testmethod1" time="0.007" classname="com.crm.qa.testcases.Test"/>
  <testcase name="testmethods2" time="0.010" classname="com.crm.qa.testcases.Test"/>
</testsuite> <!-- com.crm.qa.testcases.Test -->
